{"name":"hexo","hostname":"localhost","pid":16324,"level":20,"msg":"Writing database to /Users/macmini/Desktop/lifeSpace/studynote/db.json","time":"2019-02-15T07:38:30.602Z","v":0}
{"name":"hexo","hostname":"localhost","pid":16324,"level":20,"msg":"Hexo version: \u001b[35m3.8.0\u001b[39m","time":"2019-02-15T07:38:30.741Z","v":0}
{"name":"hexo","hostname":"localhost","pid":16324,"level":20,"msg":"Working directory: \u001b[35m~/Desktop/lifeSpace/studynote/\u001b[39m","time":"2019-02-15T07:38:30.742Z","v":0}
{"name":"hexo","hostname":"localhost","pid":16324,"level":20,"msg":"Config loaded: \u001b[35m~/Desktop/lifeSpace/studynote/_config.yml\u001b[39m","time":"2019-02-15T07:38:31.076Z","v":0}
{"name":"hexo","hostname":"localhost","pid":16324,"level":20,"msg":"Plugin loaded: \u001b[35mhexo-generator-archive\u001b[39m","time":"2019-02-15T07:38:31.135Z","v":0}
{"name":"hexo","hostname":"localhost","pid":16324,"level":20,"msg":"Plugin loaded: \u001b[35mhexo-generator-category\u001b[39m","time":"2019-02-15T07:38:31.140Z","v":0}
{"name":"hexo","hostname":"localhost","pid":16324,"level":20,"msg":"Plugin loaded: \u001b[35mhexo-generator-index\u001b[39m","time":"2019-02-15T07:38:31.147Z","v":0}
{"name":"hexo","hostname":"localhost","pid":16324,"level":20,"msg":"Plugin loaded: \u001b[35mhexo-generator-tag\u001b[39m","time":"2019-02-15T07:38:31.151Z","v":0}
{"name":"hexo","hostname":"localhost","pid":16324,"level":20,"msg":"Plugin loaded: \u001b[35mhexo-renderer-ejs\u001b[39m","time":"2019-02-15T07:38:31.162Z","v":0}
{"name":"hexo","hostname":"localhost","pid":16324,"level":20,"msg":"Plugin loaded: \u001b[35mhexo-renderer-stylus\u001b[39m","time":"2019-02-15T07:38:31.165Z","v":0}
{"name":"hexo","hostname":"localhost","pid":16324,"level":20,"msg":"Plugin loaded: \u001b[35mhexo-renderer-marked\u001b[39m","time":"2019-02-15T07:38:31.186Z","v":0}
{"name":"hexo","hostname":"localhost","pid":16324,"level":20,"msg":"Plugin loaded: \u001b[35mhexo-server\u001b[39m","time":"2019-02-15T07:38:31.410Z","v":0}
{"name":"hexo","hostname":"localhost","pid":16324,"level":20,"msg":"Script loaded: \u001b[35mthemes/antiquity/scripts/highlight.js\u001b[39m","time":"2019-02-15T07:38:31.441Z","v":0}
{"name":"hexo","hostname":"localhost","pid":16324,"level":20,"msg":"Script loaded: \u001b[35mthemes/antiquity/scripts/fancybox.js\u001b[39m","time":"2019-02-15T07:38:31.442Z","v":0}
{"name":"hexo","hostname":"localhost","pid":16324,"level":20,"msg":"Loading database.","time":"2019-02-15T07:38:31.475Z","v":0}
{"name":"hexo","hostname":"localhost","pid":16324,"level":30,"msg":"Start processing","time":"2019-02-15T07:38:31.766Z","v":0}
{"name":"hexo","hostname":"localhost","pid":16324,"level":20,"msg":"Processed: \u001b[35m_posts/blogOfHexo.md\u001b[39m","time":"2019-02-15T07:38:32.068Z","v":0}
{"name":"hexo","hostname":"localhost","pid":16324,"level":20,"msg":"Processed: \u001b[35m_posts/es5-ver.md\u001b[39m","time":"2019-02-15T07:38:32.068Z","v":0}
{"name":"hexo","hostname":"localhost","pid":16324,"level":20,"msg":"Processed: \u001b[35m_posts/es5-ver2-md.md\u001b[39m","time":"2019-02-15T07:38:32.069Z","v":0}
{"name":"hexo","hostname":"localhost","pid":16324,"level":20,"msg":"Processed: \u001b[35m_posts/fundation-01.md\u001b[39m","time":"2019-02-15T07:38:32.070Z","v":0}
{"name":"hexo","hostname":"localhost","pid":16324,"level":20,"msg":"Processed: \u001b[35m_posts/note-taking-01.md\u001b[39m","time":"2019-02-15T07:38:32.070Z","v":0}
{"name":"hexo","hostname":"localhost","pid":16324,"level":20,"msg":"Processed: \u001b[35m_posts/referenceType-1.md\u001b[39m","time":"2019-02-15T07:38:32.071Z","v":0}
{"name":"hexo","hostname":"localhost","pid":16324,"level":20,"msg":"Processed: \u001b[35m_posts/前端知识点汇总.md\u001b[39m","time":"2019-02-15T07:38:32.071Z","v":0}
{"name":"hexo","hostname":"localhost","pid":16324,"level":20,"msg":"Theme config loaded.","time":"2019-02-15T07:38:32.103Z","v":0}
{"name":"hexo","hostname":"localhost","pid":16324,"level":20,"msg":"Processed: \u001b[35m_config.yml\u001b[39m","time":"2019-02-15T07:38:32.106Z","v":0}
{"name":"hexo","hostname":"localhost","pid":16324,"level":20,"msg":"Processed: \u001b[35msource/css/style.css\u001b[39m","time":"2019-02-15T07:38:32.144Z","v":0}
{"name":"hexo","hostname":"localhost","pid":16324,"level":20,"msg":"Processed: \u001b[35msource/fancybox/blank.gif\u001b[39m","time":"2019-02-15T07:38:32.146Z","v":0}
{"name":"hexo","hostname":"localhost","pid":16324,"level":20,"msg":"Processed: \u001b[35msource/fancybox/fancybox_loading@2x.gif\u001b[39m","time":"2019-02-15T07:38:32.148Z","v":0}
{"name":"hexo","hostname":"localhost","pid":16324,"level":20,"msg":"Processed: \u001b[35msource/fancybox/fancybox_loading.gif\u001b[39m","time":"2019-02-15T07:38:32.151Z","v":0}
{"name":"hexo","hostname":"localhost","pid":16324,"level":20,"msg":"Processed: \u001b[35msource/css/highlight.css\u001b[39m","time":"2019-02-15T07:38:32.152Z","v":0}
{"name":"hexo","hostname":"localhost","pid":16324,"level":20,"msg":"Processed: \u001b[35msource/fancybox/fancybox_overlay.png\u001b[39m","time":"2019-02-15T07:38:32.154Z","v":0}
{"name":"hexo","hostname":"localhost","pid":16324,"level":20,"msg":"Processed: \u001b[35msource/fancybox/fancybox_sprite.png\u001b[39m","time":"2019-02-15T07:38:32.157Z","v":0}
{"name":"hexo","hostname":"localhost","pid":16324,"level":20,"msg":"Processed: \u001b[35msource/fancybox/fancybox_sprite@2x.png\u001b[39m","time":"2019-02-15T07:38:32.159Z","v":0}
{"name":"hexo","hostname":"localhost","pid":16324,"level":20,"msg":"Processed: \u001b[35msource/fancybox/jquery.fancybox.css\u001b[39m","time":"2019-02-15T07:38:32.161Z","v":0}
{"name":"hexo","hostname":"localhost","pid":16324,"level":20,"msg":"Processed: \u001b[35msource/fancybox/jquery.fancybox.js\u001b[39m","time":"2019-02-15T07:38:32.162Z","v":0}
{"name":"hexo","hostname":"localhost","pid":16324,"level":20,"msg":"Processed: \u001b[35msource/fancybox/jquery.fancybox.pack.js\u001b[39m","time":"2019-02-15T07:38:32.164Z","v":0}
{"name":"hexo","hostname":"localhost","pid":16324,"level":20,"msg":"Processed: \u001b[35msource/images/default-avatar.jpeg\u001b[39m","time":"2019-02-15T07:38:32.166Z","v":0}
{"name":"hexo","hostname":"localhost","pid":16324,"level":20,"msg":"Processed: \u001b[35msource/js/script.js\u001b[39m","time":"2019-02-15T07:38:32.167Z","v":0}
{"name":"hexo","hostname":"localhost","pid":16324,"level":20,"msg":"Processed: \u001b[35msource/js/jquery-2.0.3.min.js\u001b[39m","time":"2019-02-15T07:38:32.185Z","v":0}
{"name":"hexo","hostname":"localhost","pid":16324,"level":20,"msg":"Processed: \u001b[35mlayout/archive.ejs\u001b[39m","time":"2019-02-15T07:38:32.255Z","v":0}
{"name":"hexo","hostname":"localhost","pid":16324,"level":20,"msg":"Processed: \u001b[35mlayout/index.ejs\u001b[39m","time":"2019-02-15T07:38:32.255Z","v":0}
{"name":"hexo","hostname":"localhost","pid":16324,"level":20,"msg":"Processed: \u001b[35mlayout/layout.ejs\u001b[39m","time":"2019-02-15T07:38:32.256Z","v":0}
{"name":"hexo","hostname":"localhost","pid":16324,"level":20,"msg":"Processed: \u001b[35mlayout/category.ejs\u001b[39m","time":"2019-02-15T07:38:32.256Z","v":0}
{"name":"hexo","hostname":"localhost","pid":16324,"level":20,"msg":"Processed: \u001b[35mlayout/page.ejs\u001b[39m","time":"2019-02-15T07:38:32.257Z","v":0}
{"name":"hexo","hostname":"localhost","pid":16324,"level":20,"msg":"Processed: \u001b[35mlayout/post.ejs\u001b[39m","time":"2019-02-15T07:38:32.258Z","v":0}
{"name":"hexo","hostname":"localhost","pid":16324,"level":20,"msg":"Processed: \u001b[35mlayout/tag.ejs\u001b[39m","time":"2019-02-15T07:38:32.258Z","v":0}
{"name":"hexo","hostname":"localhost","pid":16324,"level":20,"msg":"Processed: \u001b[35mlanguages/de.yml\u001b[39m","time":"2019-02-15T07:38:32.269Z","v":0}
{"name":"hexo","hostname":"localhost","pid":16324,"level":20,"msg":"Processed: \u001b[35mlanguages/default.yml\u001b[39m","time":"2019-02-15T07:38:32.269Z","v":0}
{"name":"hexo","hostname":"localhost","pid":16324,"level":20,"msg":"Processed: \u001b[35mlanguages/es.yml\u001b[39m","time":"2019-02-15T07:38:32.270Z","v":0}
{"name":"hexo","hostname":"localhost","pid":16324,"level":20,"msg":"Processed: \u001b[35mlanguages/fr.yml\u001b[39m","time":"2019-02-15T07:38:32.270Z","v":0}
{"name":"hexo","hostname":"localhost","pid":16324,"level":20,"msg":"Processed: \u001b[35mlanguages/ja.yml\u001b[39m","time":"2019-02-15T07:38:32.271Z","v":0}
{"name":"hexo","hostname":"localhost","pid":16324,"level":20,"msg":"Processed: \u001b[35mlanguages/ko.yml\u001b[39m","time":"2019-02-15T07:38:32.271Z","v":0}
{"name":"hexo","hostname":"localhost","pid":16324,"level":20,"msg":"Processed: \u001b[35mlanguages/nl.yml\u001b[39m","time":"2019-02-15T07:38:32.272Z","v":0}
{"name":"hexo","hostname":"localhost","pid":16324,"level":20,"msg":"Processed: \u001b[35mlanguages/no.yml\u001b[39m","time":"2019-02-15T07:38:32.272Z","v":0}
{"name":"hexo","hostname":"localhost","pid":16324,"level":20,"msg":"Processed: \u001b[35mlanguages/pt.yml\u001b[39m","time":"2019-02-15T07:38:32.273Z","v":0}
{"name":"hexo","hostname":"localhost","pid":16324,"level":20,"msg":"Processed: \u001b[35mlanguages/zh-CN.yml\u001b[39m","time":"2019-02-15T07:38:32.274Z","v":0}
{"name":"hexo","hostname":"localhost","pid":16324,"level":20,"msg":"Processed: \u001b[35mlanguages/ru.yml\u001b[39m","time":"2019-02-15T07:38:32.274Z","v":0}
{"name":"hexo","hostname":"localhost","pid":16324,"level":20,"msg":"Processed: \u001b[35mlanguages/zh-TW.yml\u001b[39m","time":"2019-02-15T07:38:32.275Z","v":0}
{"name":"hexo","hostname":"localhost","pid":16324,"level":20,"msg":"Processed: \u001b[35msource/fancybox/helpers/jquery.fancybox-buttons.js\u001b[39m","time":"2019-02-15T07:38:32.288Z","v":0}
{"name":"hexo","hostname":"localhost","pid":16324,"level":20,"msg":"Processed: \u001b[35msource/fancybox/helpers/jquery.fancybox-thumbs.css\u001b[39m","time":"2019-02-15T07:38:32.289Z","v":0}
{"name":"hexo","hostname":"localhost","pid":16324,"level":20,"msg":"Processed: \u001b[35msource/fancybox/helpers/jquery.fancybox-media.js\u001b[39m","time":"2019-02-15T07:38:32.291Z","v":0}
{"name":"hexo","hostname":"localhost","pid":16324,"level":20,"msg":"Processed: \u001b[35msource/fancybox/helpers/jquery.fancybox-thumbs.js\u001b[39m","time":"2019-02-15T07:38:32.293Z","v":0}
{"name":"hexo","hostname":"localhost","pid":16324,"level":20,"msg":"Processed: \u001b[35msource/images/icons/css_cloud.png\u001b[39m","time":"2019-02-15T07:38:32.298Z","v":0}
{"name":"hexo","hostname":"localhost","pid":16324,"level":20,"msg":"Processed: \u001b[35msource/images/icons/css_doorframe.png\u001b[39m","time":"2019-02-15T07:38:32.301Z","v":0}
{"name":"hexo","hostname":"localhost","pid":16324,"level":20,"msg":"Processed: \u001b[35msource/images/icons/css_tag.png\u001b[39m","time":"2019-02-15T07:38:32.304Z","v":0}
{"name":"hexo","hostname":"localhost","pid":16324,"level":20,"msg":"Processed: \u001b[35msource/fancybox/helpers/jquery.fancybox-buttons.css\u001b[39m","time":"2019-02-15T07:38:32.306Z","v":0}
{"name":"hexo","hostname":"localhost","pid":16324,"level":20,"msg":"Processed: \u001b[35msource/images/icons/css_texture.png\u001b[39m","time":"2019-02-15T07:38:32.308Z","v":0}
{"name":"hexo","hostname":"localhost","pid":16324,"level":20,"msg":"Processed: \u001b[35msource/images/icons/css_window_frame.png\u001b[39m","time":"2019-02-15T07:38:32.311Z","v":0}
{"name":"hexo","hostname":"localhost","pid":16324,"level":20,"msg":"Processed: \u001b[35msource/images/icons/css_pattern_bottom.png\u001b[39m","time":"2019-02-15T07:38:32.312Z","v":0}
{"name":"hexo","hostname":"localhost","pid":16324,"level":20,"msg":"Processed: \u001b[35msource/images/icons/css_patterns.png\u001b[39m","time":"2019-02-15T07:38:32.314Z","v":0}
{"name":"hexo","hostname":"localhost","pid":16324,"level":20,"msg":"Processed: \u001b[35msource/fancybox/helpers/fancybox_buttons.png\u001b[39m","time":"2019-02-15T07:38:32.314Z","v":0}
{"name":"hexo","hostname":"localhost","pid":16324,"level":50,"err":{"message":"can not read a block mapping entry; a multiline key may not be an implicit key at line 5, column 1:\n    \n    ^","name":"YAMLException","stack":"YAMLException: can not read a block mapping entry; a multiline key may not be an implicit key at line 5, column 1:\n    \n    ^\n    at generateError (/Users/macmini/Desktop/lifeSpace/studynote/node_modules/js-yaml/lib/js-yaml/loader.js:165:10)\n    at throwError (/Users/macmini/Desktop/lifeSpace/studynote/node_modules/js-yaml/lib/js-yaml/loader.js:171:9)\n    at readBlockMapping (/Users/macmini/Desktop/lifeSpace/studynote/node_modules/js-yaml/lib/js-yaml/loader.js:1046:9)\n    at composeNode (/Users/macmini/Desktop/lifeSpace/studynote/node_modules/js-yaml/lib/js-yaml/loader.js:1332:12)\n    at readDocument (/Users/macmini/Desktop/lifeSpace/studynote/node_modules/js-yaml/lib/js-yaml/loader.js:1492:3)\n    at loadDocuments (/Users/macmini/Desktop/lifeSpace/studynote/node_modules/js-yaml/lib/js-yaml/loader.js:1548:5)\n    at Object.load (/Users/macmini/Desktop/lifeSpace/studynote/node_modules/js-yaml/lib/js-yaml/loader.js:1569:19)\n    at parseYAML (/Users/macmini/Desktop/lifeSpace/studynote/node_modules/hexo-front-matter/lib/front_matter.js:80:21)\n    at parse (/Users/macmini/Desktop/lifeSpace/studynote/node_modules/hexo-front-matter/lib/front_matter.js:56:12)\n    at Promise.all.spread (/Users/macmini/Desktop/lifeSpace/studynote/node_modules/hexo/lib/plugins/processor/post.js:51:20)\n    at tryCatcher (/Users/macmini/Desktop/lifeSpace/studynote/node_modules/bluebird/js/release/util.js:16:23)\n    at Promise._settlePromiseFromHandler (/Users/macmini/Desktop/lifeSpace/studynote/node_modules/bluebird/js/release/promise.js:509:35)\n    at Promise._settlePromise (/Users/macmini/Desktop/lifeSpace/studynote/node_modules/bluebird/js/release/promise.js:569:18)\n    at Promise._settlePromise0 (/Users/macmini/Desktop/lifeSpace/studynote/node_modules/bluebird/js/release/promise.js:614:10)\n    at Promise._settlePromises (/Users/macmini/Desktop/lifeSpace/studynote/node_modules/bluebird/js/release/promise.js:694:18)\n    at Promise._fulfill (/Users/macmini/Desktop/lifeSpace/studynote/node_modules/bluebird/js/release/promise.js:638:18)\n    at PromiseArray._resolve (/Users/macmini/Desktop/lifeSpace/studynote/node_modules/bluebird/js/release/promise_array.js:126:19)\n    at PromiseArray._promiseFulfilled (/Users/macmini/Desktop/lifeSpace/studynote/node_modules/bluebird/js/release/promise_array.js:144:14)\n    at PromiseArray._iterate (/Users/macmini/Desktop/lifeSpace/studynote/node_modules/bluebird/js/release/promise_array.js:114:31)\n    at PromiseArray.init [as _init] (/Users/macmini/Desktop/lifeSpace/studynote/node_modules/bluebird/js/release/promise_array.js:78:10)\n    at Promise._settlePromise (/Users/macmini/Desktop/lifeSpace/studynote/node_modules/bluebird/js/release/promise.js:566:21)\n    at Promise._settlePromise0 (/Users/macmini/Desktop/lifeSpace/studynote/node_modules/bluebird/js/release/promise.js:614:10)"},"msg":"Process failed: \u001b[35m_drafts/oo.md\u001b[39m","time":"2019-02-15T07:38:32.340Z","v":0}
{"name":"hexo","hostname":"localhost","pid":16324,"level":20,"msg":"Processed: \u001b[35mlayout/_partial/after-footer.ejs\u001b[39m","time":"2019-02-15T07:38:32.427Z","v":0}
{"name":"hexo","hostname":"localhost","pid":16324,"level":20,"msg":"Processed: \u001b[35mlayout/_partial/archive-post.ejs\u001b[39m","time":"2019-02-15T07:38:32.427Z","v":0}
{"name":"hexo","hostname":"localhost","pid":16324,"level":20,"msg":"Processed: \u001b[35mlayout/_partial/archive.ejs\u001b[39m","time":"2019-02-15T07:38:32.428Z","v":0}
{"name":"hexo","hostname":"localhost","pid":16324,"level":20,"msg":"Processed: \u001b[35mlayout/_partial/article.ejs\u001b[39m","time":"2019-02-15T07:38:32.428Z","v":0}
{"name":"hexo","hostname":"localhost","pid":16324,"level":20,"msg":"Processed: \u001b[35mlayout/_partial/footer.ejs\u001b[39m","time":"2019-02-15T07:38:32.429Z","v":0}
{"name":"hexo","hostname":"localhost","pid":16324,"level":20,"msg":"Processed: \u001b[35mlayout/_partial/gauges-analytics.ejs\u001b[39m","time":"2019-02-15T07:38:32.429Z","v":0}
{"name":"hexo","hostname":"localhost","pid":16324,"level":20,"msg":"Processed: \u001b[35mlayout/_partial/gitment.ejs\u001b[39m","time":"2019-02-15T07:38:32.430Z","v":0}
{"name":"hexo","hostname":"localhost","pid":16324,"level":20,"msg":"Processed: \u001b[35mlayout/_partial/head.ejs\u001b[39m","time":"2019-02-15T07:38:32.430Z","v":0}
{"name":"hexo","hostname":"localhost","pid":16324,"level":20,"msg":"Processed: \u001b[35mlayout/_partial/google-analytics.ejs\u001b[39m","time":"2019-02-15T07:38:32.431Z","v":0}
{"name":"hexo","hostname":"localhost","pid":16324,"level":20,"msg":"Processed: \u001b[35mlayout/_partial/header.ejs\u001b[39m","time":"2019-02-15T07:38:32.431Z","v":0}
{"name":"hexo","hostname":"localhost","pid":16324,"level":20,"msg":"Processed: \u001b[35mlayout/_partial/mobile-nav.ejs\u001b[39m","time":"2019-02-15T07:38:32.432Z","v":0}
{"name":"hexo","hostname":"localhost","pid":16324,"level":20,"msg":"Processed: \u001b[35mlayout/_partial/sidebar.ejs\u001b[39m","time":"2019-02-15T07:38:32.432Z","v":0}
{"name":"hexo","hostname":"localhost","pid":16324,"level":20,"msg":"Processed: \u001b[35mlayout/_widget/archive.ejs\u001b[39m","time":"2019-02-15T07:38:32.433Z","v":0}
{"name":"hexo","hostname":"localhost","pid":16324,"level":20,"msg":"Processed: \u001b[35mlayout/_widget/category.ejs\u001b[39m","time":"2019-02-15T07:38:32.433Z","v":0}
{"name":"hexo","hostname":"localhost","pid":16324,"level":20,"msg":"Processed: \u001b[35mlayout/_widget/recent_posts.ejs\u001b[39m","time":"2019-02-15T07:38:32.434Z","v":0}
{"name":"hexo","hostname":"localhost","pid":16324,"level":20,"msg":"Processed: \u001b[35mlayout/_widget/tag.ejs\u001b[39m","time":"2019-02-15T07:38:32.434Z","v":0}
{"name":"hexo","hostname":"localhost","pid":16324,"level":20,"msg":"Processed: \u001b[35mlayout/_widget/tagcloud.ejs\u001b[39m","time":"2019-02-15T07:38:32.435Z","v":0}
{"name":"hexo","hostname":"localhost","pid":16324,"level":20,"msg":"Processed: \u001b[35mlayout/_widget/userinfo.ejs\u001b[39m","time":"2019-02-15T07:38:32.435Z","v":0}
{"name":"hexo","hostname":"localhost","pid":16324,"level":20,"msg":"Processed: \u001b[35msource/images/bg.jpg\u001b[39m","time":"2019-02-15T07:38:32.438Z","v":0}
{"name":"hexo","hostname":"localhost","pid":16324,"level":20,"msg":"Processed: \u001b[35mlayout/_partial/post/category.ejs\u001b[39m","time":"2019-02-15T07:38:32.452Z","v":0}
{"name":"hexo","hostname":"localhost","pid":16324,"level":20,"msg":"Processed: \u001b[35mlayout/_partial/post/date.ejs\u001b[39m","time":"2019-02-15T07:38:32.453Z","v":0}
{"name":"hexo","hostname":"localhost","pid":16324,"level":20,"msg":"Processed: \u001b[35mlayout/_partial/post/gallery.ejs\u001b[39m","time":"2019-02-15T07:38:32.453Z","v":0}
{"name":"hexo","hostname":"localhost","pid":16324,"level":20,"msg":"Processed: \u001b[35mlayout/_partial/post/nav.ejs\u001b[39m","time":"2019-02-15T07:38:32.454Z","v":0}
{"name":"hexo","hostname":"localhost","pid":16324,"level":20,"msg":"Processed: \u001b[35mlayout/_partial/post/tag.ejs\u001b[39m","time":"2019-02-15T07:38:32.455Z","v":0}
{"name":"hexo","hostname":"localhost","pid":16324,"level":20,"msg":"Processed: \u001b[35mlayout/_partial/post/title.ejs\u001b[39m","time":"2019-02-15T07:38:32.455Z","v":0}
{"name":"hexo","hostname":"localhost","pid":16324,"level":20,"msg":"Generator: \u001b[35mpage\u001b[39m","time":"2019-02-15T07:38:32.715Z","v":0}
{"name":"hexo","hostname":"localhost","pid":16324,"level":20,"msg":"Generator: \u001b[35mpost\u001b[39m","time":"2019-02-15T07:38:32.716Z","v":0}
{"name":"hexo","hostname":"localhost","pid":16324,"level":20,"msg":"Generator: \u001b[35marchive\u001b[39m","time":"2019-02-15T07:38:32.716Z","v":0}
{"name":"hexo","hostname":"localhost","pid":16324,"level":20,"msg":"Generator: \u001b[35mcategory\u001b[39m","time":"2019-02-15T07:38:32.717Z","v":0}
{"name":"hexo","hostname":"localhost","pid":16324,"level":20,"msg":"Generator: \u001b[35mindex\u001b[39m","time":"2019-02-15T07:38:32.718Z","v":0}
{"name":"hexo","hostname":"localhost","pid":16324,"level":20,"msg":"Generator: \u001b[35mtag\u001b[39m","time":"2019-02-15T07:38:32.718Z","v":0}
{"name":"hexo","hostname":"localhost","pid":16324,"level":20,"msg":"Generator: \u001b[35masset\u001b[39m","time":"2019-02-15T07:38:32.722Z","v":0}
{"name":"hexo","hostname":"localhost","pid":16324,"level":30,"msg":"Hexo is running at \u001b[4mhttp://localhost:4000\u001b[24m . Press Ctrl+C to stop.","time":"2019-02-15T07:38:32.757Z","v":0}
{"name":"hexo","hostname":"localhost","pid":16324,"level":20,"msg":"Database saved","time":"2019-02-15T07:38:32.818Z","v":0}
{"name":"hexo","hostname":"localhost","pid":16324,"level":20,"msg":"Rendering index: \u001b[35mindex.html\u001b[39m","time":"2019-02-15T07:38:51.896Z","v":0}
{"name":"hexo","hostname":"localhost","pid":16324,"level":20,"msg":"Theme config loaded.","time":"2019-02-15T07:40:31.678Z","v":0}
{"name":"hexo","hostname":"localhost","pid":16324,"level":20,"msg":"Processed: \u001b[35m_config.yml\u001b[39m","time":"2019-02-15T07:40:31.680Z","v":0}
{"name":"hexo","hostname":"localhost","pid":16324,"level":20,"msg":"Generator: \u001b[35mpage\u001b[39m","time":"2019-02-15T07:40:31.894Z","v":0}
{"name":"hexo","hostname":"localhost","pid":16324,"level":20,"msg":"Generator: \u001b[35mpost\u001b[39m","time":"2019-02-15T07:40:31.895Z","v":0}
{"name":"hexo","hostname":"localhost","pid":16324,"level":20,"msg":"Generator: \u001b[35marchive\u001b[39m","time":"2019-02-15T07:40:31.895Z","v":0}
{"name":"hexo","hostname":"localhost","pid":16324,"level":20,"msg":"Generator: \u001b[35mcategory\u001b[39m","time":"2019-02-15T07:40:31.896Z","v":0}
{"name":"hexo","hostname":"localhost","pid":16324,"level":20,"msg":"Generator: \u001b[35mindex\u001b[39m","time":"2019-02-15T07:40:31.896Z","v":0}
{"name":"hexo","hostname":"localhost","pid":16324,"level":20,"msg":"Generator: \u001b[35mtag\u001b[39m","time":"2019-02-15T07:40:31.897Z","v":0}
{"name":"hexo","hostname":"localhost","pid":16324,"level":20,"msg":"Generator: \u001b[35masset\u001b[39m","time":"2019-02-15T07:40:31.908Z","v":0}
{"name":"hexo","hostname":"localhost","pid":16324,"level":20,"msg":"Generator: \u001b[35mpage\u001b[39m","time":"2019-02-15T07:40:32.384Z","v":0}
{"name":"hexo","hostname":"localhost","pid":16324,"level":20,"msg":"Generator: \u001b[35mpost\u001b[39m","time":"2019-02-15T07:40:32.384Z","v":0}
{"name":"hexo","hostname":"localhost","pid":16324,"level":20,"msg":"Generator: \u001b[35marchive\u001b[39m","time":"2019-02-15T07:40:32.385Z","v":0}
{"name":"hexo","hostname":"localhost","pid":16324,"level":20,"msg":"Generator: \u001b[35mcategory\u001b[39m","time":"2019-02-15T07:40:32.385Z","v":0}
{"name":"hexo","hostname":"localhost","pid":16324,"level":20,"msg":"Generator: \u001b[35mindex\u001b[39m","time":"2019-02-15T07:40:32.385Z","v":0}
{"name":"hexo","hostname":"localhost","pid":16324,"level":20,"msg":"Generator: \u001b[35mtag\u001b[39m","time":"2019-02-15T07:40:32.386Z","v":0}
{"name":"hexo","hostname":"localhost","pid":16324,"level":20,"msg":"Generator: \u001b[35masset\u001b[39m","time":"2019-02-15T07:40:32.391Z","v":0}
{"name":"hexo","hostname":"localhost","pid":16324,"level":20,"msg":"Theme config loaded.","time":"2019-02-15T07:43:24.577Z","v":0}
{"name":"hexo","hostname":"localhost","pid":16324,"level":20,"msg":"Processed: \u001b[35m_config.yml\u001b[39m","time":"2019-02-15T07:43:24.578Z","v":0}
{"name":"hexo","hostname":"localhost","pid":16324,"level":20,"msg":"Generator: \u001b[35mpage\u001b[39m","time":"2019-02-15T07:43:24.741Z","v":0}
{"name":"hexo","hostname":"localhost","pid":16324,"level":20,"msg":"Generator: \u001b[35mpost\u001b[39m","time":"2019-02-15T07:43:24.742Z","v":0}
{"name":"hexo","hostname":"localhost","pid":16324,"level":20,"msg":"Generator: \u001b[35marchive\u001b[39m","time":"2019-02-15T07:43:24.743Z","v":0}
{"name":"hexo","hostname":"localhost","pid":16324,"level":20,"msg":"Generator: \u001b[35mcategory\u001b[39m","time":"2019-02-15T07:43:24.743Z","v":0}
{"name":"hexo","hostname":"localhost","pid":16324,"level":20,"msg":"Generator: \u001b[35mindex\u001b[39m","time":"2019-02-15T07:43:24.744Z","v":0}
{"name":"hexo","hostname":"localhost","pid":16324,"level":20,"msg":"Generator: \u001b[35mtag\u001b[39m","time":"2019-02-15T07:43:24.745Z","v":0}
{"name":"hexo","hostname":"localhost","pid":16324,"level":20,"msg":"Generator: \u001b[35masset\u001b[39m","time":"2019-02-15T07:43:24.749Z","v":0}
{"name":"hexo","hostname":"localhost","pid":16324,"level":20,"msg":"Rendering index: \u001b[35mindex.html\u001b[39m","time":"2019-02-15T07:43:26.860Z","v":0}
{"name":"hexo","hostname":"localhost","pid":16324,"level":20,"msg":"Rendering index: \u001b[35mindex.html\u001b[39m","time":"2019-02-15T07:47:25.587Z","v":0}
{"name":"hexo","hostname":"localhost","pid":16324,"level":30,"msg":"Farewell","time":"2019-02-15T07:47:48.199Z","v":0}
{"name":"hexo","hostname":"localhost","pid":16324,"level":20,"msg":"Database saved","time":"2019-02-15T07:47:48.286Z","v":0}
{"name":"hexo","hostname":"localhost","pid":16369,"level":20,"msg":"Writing database to /Users/macmini/Desktop/lifeSpace/studynote/db.json","time":"2019-02-15T07:48:09.105Z","v":0}
{"name":"hexo","hostname":"localhost","pid":16369,"level":20,"msg":"Hexo version: \u001b[35m3.8.0\u001b[39m","time":"2019-02-15T07:48:09.255Z","v":0}
{"name":"hexo","hostname":"localhost","pid":16369,"level":20,"msg":"Working directory: \u001b[35m~/Desktop/lifeSpace/studynote/\u001b[39m","time":"2019-02-15T07:48:09.257Z","v":0}
{"name":"hexo","hostname":"localhost","pid":16369,"level":20,"msg":"Config loaded: \u001b[35m~/Desktop/lifeSpace/studynote/_config.yml\u001b[39m","time":"2019-02-15T07:48:09.574Z","v":0}
{"name":"hexo","hostname":"localhost","pid":16369,"level":20,"msg":"Plugin loaded: \u001b[35mhexo-generator-archive\u001b[39m","time":"2019-02-15T07:48:09.634Z","v":0}
{"name":"hexo","hostname":"localhost","pid":16369,"level":20,"msg":"Plugin loaded: \u001b[35mhexo-generator-category\u001b[39m","time":"2019-02-15T07:48:09.639Z","v":0}
{"name":"hexo","hostname":"localhost","pid":16369,"level":20,"msg":"Plugin loaded: \u001b[35mhexo-generator-index\u001b[39m","time":"2019-02-15T07:48:09.645Z","v":0}
{"name":"hexo","hostname":"localhost","pid":16369,"level":20,"msg":"Plugin loaded: \u001b[35mhexo-generator-tag\u001b[39m","time":"2019-02-15T07:48:09.649Z","v":0}
{"name":"hexo","hostname":"localhost","pid":16369,"level":20,"msg":"Plugin loaded: \u001b[35mhexo-renderer-ejs\u001b[39m","time":"2019-02-15T07:48:09.662Z","v":0}
{"name":"hexo","hostname":"localhost","pid":16369,"level":20,"msg":"Plugin loaded: \u001b[35mhexo-renderer-stylus\u001b[39m","time":"2019-02-15T07:48:09.665Z","v":0}
{"name":"hexo","hostname":"localhost","pid":16369,"level":20,"msg":"Plugin loaded: \u001b[35mhexo-renderer-marked\u001b[39m","time":"2019-02-15T07:48:09.687Z","v":0}
{"name":"hexo","hostname":"localhost","pid":16369,"level":20,"msg":"Plugin loaded: \u001b[35mhexo-server\u001b[39m","time":"2019-02-15T07:48:09.920Z","v":0}
{"name":"hexo","hostname":"localhost","pid":16369,"level":20,"msg":"Script loaded: \u001b[35mthemes/landscape/scripts/fancybox.js\u001b[39m","time":"2019-02-15T07:48:09.933Z","v":0}
{"name":"hexo","hostname":"localhost","pid":16369,"level":20,"msg":"Loading database.","time":"2019-02-15T07:48:09.962Z","v":0}
{"name":"hexo","hostname":"localhost","pid":16369,"level":30,"msg":"Start processing","time":"2019-02-15T07:48:10.000Z","v":0}
{"name":"hexo","hostname":"localhost","pid":16369,"level":20,"msg":"Theme config loaded.","time":"2019-02-15T07:48:10.250Z","v":0}
{"name":"hexo","hostname":"localhost","pid":16369,"level":20,"msg":"Processed: \u001b[35m_config.yml\u001b[39m","time":"2019-02-15T07:48:10.252Z","v":0}
{"name":"hexo","hostname":"localhost","pid":16369,"level":20,"msg":"Processed: \u001b[35msource/css/style.styl\u001b[39m","time":"2019-02-15T07:48:10.276Z","v":0}
{"name":"hexo","hostname":"localhost","pid":16369,"level":20,"msg":"Processed: \u001b[35msource/fancybox/blank.gif\u001b[39m","time":"2019-02-15T07:48:10.278Z","v":0}
{"name":"hexo","hostname":"localhost","pid":16369,"level":20,"msg":"Processed: \u001b[35msource/fancybox/fancybox_loading.gif\u001b[39m","time":"2019-02-15T07:48:10.280Z","v":0}
{"name":"hexo","hostname":"localhost","pid":16369,"level":20,"msg":"Processed: \u001b[35msource/fancybox/fancybox_loading@2x.gif\u001b[39m","time":"2019-02-15T07:48:10.282Z","v":0}
{"name":"hexo","hostname":"localhost","pid":16369,"level":20,"msg":"Processed: \u001b[35msource/fancybox/fancybox_overlay.png\u001b[39m","time":"2019-02-15T07:48:10.285Z","v":0}
{"name":"hexo","hostname":"localhost","pid":16369,"level":20,"msg":"Processed: \u001b[35msource/fancybox/fancybox_sprite.png\u001b[39m","time":"2019-02-15T07:48:10.287Z","v":0}
{"name":"hexo","hostname":"localhost","pid":16369,"level":20,"msg":"Processed: \u001b[35msource/fancybox/fancybox_sprite@2x.png\u001b[39m","time":"2019-02-15T07:48:10.289Z","v":0}
{"name":"hexo","hostname":"localhost","pid":16369,"level":20,"msg":"Processed: \u001b[35msource/fancybox/jquery.fancybox.css\u001b[39m","time":"2019-02-15T07:48:10.290Z","v":0}
{"name":"hexo","hostname":"localhost","pid":16369,"level":20,"msg":"Processed: \u001b[35msource/fancybox/jquery.fancybox.js\u001b[39m","time":"2019-02-15T07:48:10.292Z","v":0}
{"name":"hexo","hostname":"localhost","pid":16369,"level":20,"msg":"Processed: \u001b[35msource/fancybox/jquery.fancybox.pack.js\u001b[39m","time":"2019-02-15T07:48:10.293Z","v":0}
{"name":"hexo","hostname":"localhost","pid":16369,"level":20,"msg":"Processed: \u001b[35msource/js/script.js\u001b[39m","time":"2019-02-15T07:48:10.293Z","v":0}
{"name":"hexo","hostname":"localhost","pid":16369,"level":20,"msg":"Processed: \u001b[35mlayout/archive.ejs\u001b[39m","time":"2019-02-15T07:48:10.395Z","v":0}
{"name":"hexo","hostname":"localhost","pid":16369,"level":20,"msg":"Processed: \u001b[35mlayout/category.ejs\u001b[39m","time":"2019-02-15T07:48:10.396Z","v":0}
{"name":"hexo","hostname":"localhost","pid":16369,"level":20,"msg":"Processed: \u001b[35mlayout/index.ejs\u001b[39m","time":"2019-02-15T07:48:10.397Z","v":0}
{"name":"hexo","hostname":"localhost","pid":16369,"level":20,"msg":"Processed: \u001b[35mlayout/layout.ejs\u001b[39m","time":"2019-02-15T07:48:10.397Z","v":0}
{"name":"hexo","hostname":"localhost","pid":16369,"level":20,"msg":"Processed: \u001b[35mlayout/page.ejs\u001b[39m","time":"2019-02-15T07:48:10.398Z","v":0}
{"name":"hexo","hostname":"localhost","pid":16369,"level":20,"msg":"Processed: \u001b[35mlayout/post.ejs\u001b[39m","time":"2019-02-15T07:48:10.398Z","v":0}
{"name":"hexo","hostname":"localhost","pid":16369,"level":20,"msg":"Processed: \u001b[35mlayout/tag.ejs\u001b[39m","time":"2019-02-15T07:48:10.399Z","v":0}
{"name":"hexo","hostname":"localhost","pid":16369,"level":50,"err":{"message":"can not read a block mapping entry; a multiline key may not be an implicit key at line 5, column 1:\n    \n    ^","name":"YAMLException","stack":"YAMLException: can not read a block mapping entry; a multiline key may not be an implicit key at line 5, column 1:\n    \n    ^\n    at generateError (/Users/macmini/Desktop/lifeSpace/studynote/node_modules/js-yaml/lib/js-yaml/loader.js:165:10)\n    at throwError (/Users/macmini/Desktop/lifeSpace/studynote/node_modules/js-yaml/lib/js-yaml/loader.js:171:9)\n    at readBlockMapping (/Users/macmini/Desktop/lifeSpace/studynote/node_modules/js-yaml/lib/js-yaml/loader.js:1046:9)\n    at composeNode (/Users/macmini/Desktop/lifeSpace/studynote/node_modules/js-yaml/lib/js-yaml/loader.js:1332:12)\n    at readDocument (/Users/macmini/Desktop/lifeSpace/studynote/node_modules/js-yaml/lib/js-yaml/loader.js:1492:3)\n    at loadDocuments (/Users/macmini/Desktop/lifeSpace/studynote/node_modules/js-yaml/lib/js-yaml/loader.js:1548:5)\n    at Object.load (/Users/macmini/Desktop/lifeSpace/studynote/node_modules/js-yaml/lib/js-yaml/loader.js:1569:19)\n    at parseYAML (/Users/macmini/Desktop/lifeSpace/studynote/node_modules/hexo-front-matter/lib/front_matter.js:80:21)\n    at parse (/Users/macmini/Desktop/lifeSpace/studynote/node_modules/hexo-front-matter/lib/front_matter.js:56:12)\n    at Promise.all.spread (/Users/macmini/Desktop/lifeSpace/studynote/node_modules/hexo/lib/plugins/processor/post.js:51:20)\n    at tryCatcher (/Users/macmini/Desktop/lifeSpace/studynote/node_modules/bluebird/js/release/util.js:16:23)\n    at Promise._settlePromiseFromHandler (/Users/macmini/Desktop/lifeSpace/studynote/node_modules/bluebird/js/release/promise.js:509:35)\n    at Promise._settlePromise (/Users/macmini/Desktop/lifeSpace/studynote/node_modules/bluebird/js/release/promise.js:569:18)\n    at Promise._settlePromise0 (/Users/macmini/Desktop/lifeSpace/studynote/node_modules/bluebird/js/release/promise.js:614:10)\n    at Promise._settlePromises (/Users/macmini/Desktop/lifeSpace/studynote/node_modules/bluebird/js/release/promise.js:694:18)\n    at Promise._fulfill (/Users/macmini/Desktop/lifeSpace/studynote/node_modules/bluebird/js/release/promise.js:638:18)\n    at PromiseArray._resolve (/Users/macmini/Desktop/lifeSpace/studynote/node_modules/bluebird/js/release/promise_array.js:126:19)\n    at PromiseArray._promiseFulfilled (/Users/macmini/Desktop/lifeSpace/studynote/node_modules/bluebird/js/release/promise_array.js:144:14)\n    at PromiseArray._iterate (/Users/macmini/Desktop/lifeSpace/studynote/node_modules/bluebird/js/release/promise_array.js:114:31)\n    at PromiseArray.init [as _init] (/Users/macmini/Desktop/lifeSpace/studynote/node_modules/bluebird/js/release/promise_array.js:78:10)\n    at Promise._settlePromise (/Users/macmini/Desktop/lifeSpace/studynote/node_modules/bluebird/js/release/promise.js:566:21)\n    at Promise._settlePromise0 (/Users/macmini/Desktop/lifeSpace/studynote/node_modules/bluebird/js/release/promise.js:614:10)"},"msg":"Process failed: \u001b[35m_drafts/oo.md\u001b[39m","time":"2019-02-15T07:48:10.437Z","v":0}
{"name":"hexo","hostname":"localhost","pid":16369,"level":20,"msg":"Processed: \u001b[35mlanguages/de.yml\u001b[39m","time":"2019-02-15T07:48:10.492Z","v":0}
{"name":"hexo","hostname":"localhost","pid":16369,"level":20,"msg":"Processed: \u001b[35mlanguages/default.yml\u001b[39m","time":"2019-02-15T07:48:10.492Z","v":0}
{"name":"hexo","hostname":"localhost","pid":16369,"level":20,"msg":"Processed: \u001b[35mlanguages/es.yml\u001b[39m","time":"2019-02-15T07:48:10.493Z","v":0}
{"name":"hexo","hostname":"localhost","pid":16369,"level":20,"msg":"Processed: \u001b[35mlanguages/fr.yml\u001b[39m","time":"2019-02-15T07:48:10.493Z","v":0}
{"name":"hexo","hostname":"localhost","pid":16369,"level":20,"msg":"Processed: \u001b[35mlanguages/ja.yml\u001b[39m","time":"2019-02-15T07:48:10.494Z","v":0}
{"name":"hexo","hostname":"localhost","pid":16369,"level":20,"msg":"Processed: \u001b[35mlanguages/ko.yml\u001b[39m","time":"2019-02-15T07:48:10.494Z","v":0}
{"name":"hexo","hostname":"localhost","pid":16369,"level":20,"msg":"Processed: \u001b[35mlanguages/nl.yml\u001b[39m","time":"2019-02-15T07:48:10.495Z","v":0}
{"name":"hexo","hostname":"localhost","pid":16369,"level":20,"msg":"Processed: \u001b[35mlanguages/no.yml\u001b[39m","time":"2019-02-15T07:48:10.495Z","v":0}
{"name":"hexo","hostname":"localhost","pid":16369,"level":20,"msg":"Processed: \u001b[35mlanguages/pt.yml\u001b[39m","time":"2019-02-15T07:48:10.495Z","v":0}
{"name":"hexo","hostname":"localhost","pid":16369,"level":20,"msg":"Processed: \u001b[35mlanguages/ru.yml\u001b[39m","time":"2019-02-15T07:48:10.496Z","v":0}
{"name":"hexo","hostname":"localhost","pid":16369,"level":20,"msg":"Processed: \u001b[35mlanguages/zh-CN.yml\u001b[39m","time":"2019-02-15T07:48:10.496Z","v":0}
{"name":"hexo","hostname":"localhost","pid":16369,"level":20,"msg":"Processed: \u001b[35mlanguages/zh-TW.yml\u001b[39m","time":"2019-02-15T07:48:10.497Z","v":0}
{"name":"hexo","hostname":"localhost","pid":16369,"level":20,"msg":"Processed: \u001b[35m_posts/fundation-01.md\u001b[39m","time":"2019-02-15T07:48:10.528Z","v":0}
{"name":"hexo","hostname":"localhost","pid":16369,"level":20,"msg":"Processed: \u001b[35m_posts/blogOfHexo.md\u001b[39m","time":"2019-02-15T07:48:10.558Z","v":0}
{"name":"hexo","hostname":"localhost","pid":16369,"level":20,"msg":"Processed: \u001b[35m_posts/es5-ver.md\u001b[39m","time":"2019-02-15T07:48:10.600Z","v":0}
{"name":"hexo","hostname":"localhost","pid":16369,"level":20,"msg":"Processed: \u001b[35msource/css/fonts/FontAwesome.otf\u001b[39m","time":"2019-02-15T07:48:10.613Z","v":0}
{"name":"hexo","hostname":"localhost","pid":16369,"level":20,"msg":"Processed: \u001b[35m_posts/es5-ver2-md.md\u001b[39m","time":"2019-02-15T07:48:10.614Z","v":0}
{"name":"hexo","hostname":"localhost","pid":16369,"level":20,"msg":"Processed: \u001b[35msource/css/fonts/fontawesome-webfont.eot\u001b[39m","time":"2019-02-15T07:48:10.617Z","v":0}
{"name":"hexo","hostname":"localhost","pid":16369,"level":20,"msg":"Processed: \u001b[35m_posts/note-taking-01.md\u001b[39m","time":"2019-02-15T07:48:10.618Z","v":0}
{"name":"hexo","hostname":"localhost","pid":16369,"level":20,"msg":"Processed: \u001b[35msource/css/fonts/fontawesome-webfont.woff\u001b[39m","time":"2019-02-15T07:48:10.620Z","v":0}
{"name":"hexo","hostname":"localhost","pid":16369,"level":20,"msg":"Processed: \u001b[35msource/fancybox/helpers/fancybox_buttons.png\u001b[39m","time":"2019-02-15T07:48:10.623Z","v":0}
{"name":"hexo","hostname":"localhost","pid":16369,"level":20,"msg":"Processed: \u001b[35msource/fancybox/helpers/jquery.fancybox-buttons.css\u001b[39m","time":"2019-02-15T07:48:10.627Z","v":0}
{"name":"hexo","hostname":"localhost","pid":16369,"level":20,"msg":"Processed: \u001b[35msource/fancybox/helpers/jquery.fancybox-buttons.js\u001b[39m","time":"2019-02-15T07:48:10.630Z","v":0}
{"name":"hexo","hostname":"localhost","pid":16369,"level":20,"msg":"Processed: \u001b[35m_posts/referenceType-1.md\u001b[39m","time":"2019-02-15T07:48:10.632Z","v":0}
{"name":"hexo","hostname":"localhost","pid":16369,"level":20,"msg":"Processed: \u001b[35msource/fancybox/helpers/jquery.fancybox-media.js\u001b[39m","time":"2019-02-15T07:48:10.632Z","v":0}
{"name":"hexo","hostname":"localhost","pid":16369,"level":20,"msg":"Processed: \u001b[35msource/fancybox/helpers/jquery.fancybox-thumbs.css\u001b[39m","time":"2019-02-15T07:48:10.633Z","v":0}
{"name":"hexo","hostname":"localhost","pid":16369,"level":20,"msg":"Processed: \u001b[35m_posts/前端知识点汇总.md\u001b[39m","time":"2019-02-15T07:48:10.634Z","v":0}
{"name":"hexo","hostname":"localhost","pid":16369,"level":20,"msg":"Processed: \u001b[35msource/fancybox/helpers/jquery.fancybox-thumbs.js\u001b[39m","time":"2019-02-15T07:48:10.639Z","v":0}
{"name":"hexo","hostname":"localhost","pid":16369,"level":20,"msg":"Processed: \u001b[35msource/css/fonts/fontawesome-webfont.ttf\u001b[39m","time":"2019-02-15T07:48:10.705Z","v":0}
{"name":"hexo","hostname":"localhost","pid":16369,"level":20,"msg":"Processed: \u001b[35mlayout/_partial/after-footer.ejs\u001b[39m","time":"2019-02-15T07:48:10.733Z","v":0}
{"name":"hexo","hostname":"localhost","pid":16369,"level":20,"msg":"Processed: \u001b[35mlayout/_partial/archive-post.ejs\u001b[39m","time":"2019-02-15T07:48:10.733Z","v":0}
{"name":"hexo","hostname":"localhost","pid":16369,"level":20,"msg":"Processed: \u001b[35mlayout/_partial/archive.ejs\u001b[39m","time":"2019-02-15T07:48:10.734Z","v":0}
{"name":"hexo","hostname":"localhost","pid":16369,"level":20,"msg":"Processed: \u001b[35mlayout/_partial/article.ejs\u001b[39m","time":"2019-02-15T07:48:10.735Z","v":0}
{"name":"hexo","hostname":"localhost","pid":16369,"level":20,"msg":"Processed: \u001b[35mlayout/_partial/footer.ejs\u001b[39m","time":"2019-02-15T07:48:10.735Z","v":0}
{"name":"hexo","hostname":"localhost","pid":16369,"level":20,"msg":"Processed: \u001b[35mlayout/_partial/gauges-analytics.ejs\u001b[39m","time":"2019-02-15T07:48:10.736Z","v":0}
{"name":"hexo","hostname":"localhost","pid":16369,"level":20,"msg":"Processed: \u001b[35mlayout/_partial/google-analytics.ejs\u001b[39m","time":"2019-02-15T07:48:10.736Z","v":0}
{"name":"hexo","hostname":"localhost","pid":16369,"level":20,"msg":"Processed: \u001b[35mlayout/_partial/head.ejs\u001b[39m","time":"2019-02-15T07:48:10.737Z","v":0}
{"name":"hexo","hostname":"localhost","pid":16369,"level":20,"msg":"Processed: \u001b[35mlayout/_partial/header.ejs\u001b[39m","time":"2019-02-15T07:48:10.737Z","v":0}
{"name":"hexo","hostname":"localhost","pid":16369,"level":20,"msg":"Processed: \u001b[35mlayout/_partial/mobile-nav.ejs\u001b[39m","time":"2019-02-15T07:48:10.738Z","v":0}
{"name":"hexo","hostname":"localhost","pid":16369,"level":20,"msg":"Processed: \u001b[35mlayout/_partial/sidebar.ejs\u001b[39m","time":"2019-02-15T07:48:10.738Z","v":0}
{"name":"hexo","hostname":"localhost","pid":16369,"level":20,"msg":"Processed: \u001b[35mlayout/_widget/archive.ejs\u001b[39m","time":"2019-02-15T07:48:10.739Z","v":0}
{"name":"hexo","hostname":"localhost","pid":16369,"level":20,"msg":"Processed: \u001b[35mlayout/_widget/category.ejs\u001b[39m","time":"2019-02-15T07:48:10.740Z","v":0}
{"name":"hexo","hostname":"localhost","pid":16369,"level":20,"msg":"Processed: \u001b[35mlayout/_widget/recent_posts.ejs\u001b[39m","time":"2019-02-15T07:48:10.740Z","v":0}
{"name":"hexo","hostname":"localhost","pid":16369,"level":20,"msg":"Processed: \u001b[35mlayout/_widget/tag.ejs\u001b[39m","time":"2019-02-15T07:48:10.740Z","v":0}
{"name":"hexo","hostname":"localhost","pid":16369,"level":20,"msg":"Processed: \u001b[35mlayout/_widget/tagcloud.ejs\u001b[39m","time":"2019-02-15T07:48:10.741Z","v":0}
{"name":"hexo","hostname":"localhost","pid":16369,"level":20,"msg":"Processed: \u001b[35msource/css/fonts/fontawesome-webfont.svg\u001b[39m","time":"2019-02-15T07:48:10.747Z","v":0}
{"name":"hexo","hostname":"localhost","pid":16369,"level":20,"msg":"Processed: \u001b[35msource/css/images/banner.jpg\u001b[39m","time":"2019-02-15T07:48:10.748Z","v":0}
{"name":"hexo","hostname":"localhost","pid":16369,"level":20,"msg":"Processed: \u001b[35mlayout/_partial/post/category.ejs\u001b[39m","time":"2019-02-15T07:48:10.759Z","v":0}
{"name":"hexo","hostname":"localhost","pid":16369,"level":20,"msg":"Processed: \u001b[35mlayout/_partial/post/date.ejs\u001b[39m","time":"2019-02-15T07:48:10.760Z","v":0}
{"name":"hexo","hostname":"localhost","pid":16369,"level":20,"msg":"Processed: \u001b[35mlayout/_partial/post/nav.ejs\u001b[39m","time":"2019-02-15T07:48:10.760Z","v":0}
{"name":"hexo","hostname":"localhost","pid":16369,"level":20,"msg":"Processed: \u001b[35mlayout/_partial/post/gallery.ejs\u001b[39m","time":"2019-02-15T07:48:10.761Z","v":0}
{"name":"hexo","hostname":"localhost","pid":16369,"level":20,"msg":"Processed: \u001b[35mlayout/_partial/post/tag.ejs\u001b[39m","time":"2019-02-15T07:48:10.761Z","v":0}
{"name":"hexo","hostname":"localhost","pid":16369,"level":20,"msg":"Processed: \u001b[35mlayout/_partial/post/title.ejs\u001b[39m","time":"2019-02-15T07:48:10.761Z","v":0}
{"name":"hexo","hostname":"localhost","pid":16369,"level":20,"msg":"Generator: \u001b[35mpage\u001b[39m","time":"2019-02-15T07:48:12.111Z","v":0}
{"name":"hexo","hostname":"localhost","pid":16369,"level":20,"msg":"Generator: \u001b[35mpost\u001b[39m","time":"2019-02-15T07:48:12.112Z","v":0}
{"name":"hexo","hostname":"localhost","pid":16369,"level":20,"msg":"Generator: \u001b[35marchive\u001b[39m","time":"2019-02-15T07:48:12.113Z","v":0}
{"name":"hexo","hostname":"localhost","pid":16369,"level":20,"msg":"Generator: \u001b[35mcategory\u001b[39m","time":"2019-02-15T07:48:12.114Z","v":0}
{"name":"hexo","hostname":"localhost","pid":16369,"level":20,"msg":"Generator: \u001b[35mindex\u001b[39m","time":"2019-02-15T07:48:12.114Z","v":0}
{"name":"hexo","hostname":"localhost","pid":16369,"level":20,"msg":"Generator: \u001b[35mtag\u001b[39m","time":"2019-02-15T07:48:12.115Z","v":0}
{"name":"hexo","hostname":"localhost","pid":16369,"level":20,"msg":"Generator: \u001b[35masset\u001b[39m","time":"2019-02-15T07:48:12.119Z","v":0}
{"name":"hexo","hostname":"localhost","pid":16369,"level":30,"msg":"Hexo is running at \u001b[4mhttp://localhost:4000\u001b[24m . Press Ctrl+C to stop.","time":"2019-02-15T07:48:12.157Z","v":0}
{"name":"hexo","hostname":"localhost","pid":16369,"level":20,"msg":"Database saved","time":"2019-02-15T07:48:12.228Z","v":0}
{"name":"hexo","hostname":"localhost","pid":16369,"level":20,"msg":"Rendering index: \u001b[35mindex.html\u001b[39m","time":"2019-02-15T07:48:15.577Z","v":0}
